<?xml version="1.0" encoding="UTF-8"?>
<testng-results ignored="0" total="4" passed="4" failed="0" skipped="0">
  <reporter-output>
  </reporter-output>
  <suite started-at="2020-07-06T10:09:52 GMT" name="FlightBookingTest.xml" finished-at="2020-07-06T10:12:09 GMT" duration-ms="137470">
    <groups>
    </groups>
    <test started-at="2020-07-06T10:09:52 GMT" name="book-flight-1" finished-at="2020-07-06T10:10:31 GMT" duration-ms="39234">
      <class name="com.demoaut.newtours.flightbooktest.FlightBookingTest">
        <test-method is-config="true" signature="setUp(org.testng.ITestContext)[pri:0, instance:com.demoaut.newtours.flightbooktest.FlightBookingTest@c33b74f]" started-at="2020-07-06T10:09:52 GMT" name="setUp" finished-at="2020-07-06T10:09:56 GMT" duration-ms="4312" status="PASS">
          <params>
            <param index="0">
              <value>
                <![CDATA[org.testng.TestRunner@475646d4]]>
              </value>
            </param>
          </params>
          <reporter-output>
          </reporter-output>
        </test-method> <!-- setUp -->
        <test-method signature="flightbooking(java.lang.String, java.lang.String)[pri:0, instance:com.demoaut.newtours.flightbooktest.FlightBookingTest@c33b74f]" started-at="2020-07-06T10:09:56 GMT" name="flightbooking" finished-at="2020-07-06T10:10:31 GMT" duration-ms="34714" status="PASS">
          <params>
            <param index="0">
              <value>
                <![CDATA[1]]>
              </value>
            </param>
            <param index="1">
              <value>
                <![CDATA[$584 USD]]>
              </value>
            </param>
          </params>
          <reporter-output>
          </reporter-output>
        </test-method> <!-- flightbooking -->
        <test-method is-config="true" signature="tearDown()[pri:0, instance:com.demoaut.newtours.flightbooktest.FlightBookingTest@c33b74f]" started-at="2020-07-06T10:10:31 GMT" name="tearDown" finished-at="2020-07-06T10:10:31 GMT" duration-ms="132" status="PASS">
          <reporter-output>
          </reporter-output>
        </test-method> <!-- tearDown -->
      </class> <!-- com.demoaut.newtours.flightbooktest.FlightBookingTest -->
    </test> <!-- book-flight-1 -->
    <test started-at="2020-07-06T10:10:31 GMT" name="book-flight-2" finished-at="2020-07-06T10:11:04 GMT" duration-ms="32378">
      <class name="com.demoaut.newtours.flightbooktest.FlightBookingTest">
        <test-method is-config="true" signature="setUp(org.testng.ITestContext)[pri:0, instance:com.demoaut.newtours.flightbooktest.FlightBookingTest@123ef382]" started-at="2020-07-06T10:10:31 GMT" name="setUp" finished-at="2020-07-06T10:10:33 GMT" duration-ms="1519" status="PASS">
          <params>
            <param index="0">
              <value>
                <![CDATA[org.testng.TestRunner@a0f53fc]]>
              </value>
            </param>
          </params>
          <reporter-output>
          </reporter-output>
        </test-method> <!-- setUp -->
        <test-method signature="flightbooking(java.lang.String, java.lang.String)[pri:0, instance:com.demoaut.newtours.flightbooktest.FlightBookingTest@123ef382]" started-at="2020-07-06T10:10:33 GMT" name="flightbooking" finished-at="2020-07-06T10:11:04 GMT" duration-ms="30795" status="PASS">
          <params>
            <param index="0">
              <value>
                <![CDATA[2]]>
              </value>
            </param>
            <param index="1">
              <value>
                <![CDATA[$1169 USD]]>
              </value>
            </param>
          </params>
          <reporter-output>
          </reporter-output>
        </test-method> <!-- flightbooking -->
        <test-method is-config="true" signature="tearDown()[pri:0, instance:com.demoaut.newtours.flightbooktest.FlightBookingTest@123ef382]" started-at="2020-07-06T10:11:04 GMT" name="tearDown" finished-at="2020-07-06T10:11:04 GMT" duration-ms="61" status="PASS">
          <reporter-output>
          </reporter-output>
        </test-method> <!-- tearDown -->
      </class> <!-- com.demoaut.newtours.flightbooktest.FlightBookingTest -->
    </test> <!-- book-flight-2 -->
    <test started-at="2020-07-06T10:11:04 GMT" name="book-flight-3" finished-at="2020-07-06T10:11:37 GMT" duration-ms="33005">
      <class name="com.demoaut.newtours.flightbooktest.FlightBookingTest">
        <test-method is-config="true" signature="setUp(org.testng.ITestContext)[pri:0, instance:com.demoaut.newtours.flightbooktest.FlightBookingTest@1d9b7cce]" started-at="2020-07-06T10:11:04 GMT" name="setUp" finished-at="2020-07-06T10:11:05 GMT" duration-ms="633" status="PASS">
          <params>
            <param index="0">
              <value>
                <![CDATA[org.testng.TestRunner@3db972d2]]>
              </value>
            </param>
          </params>
          <reporter-output>
          </reporter-output>
        </test-method> <!-- setUp -->
        <test-method signature="flightbooking(java.lang.String, java.lang.String)[pri:0, instance:com.demoaut.newtours.flightbooktest.FlightBookingTest@1d9b7cce]" started-at="2020-07-06T10:11:05 GMT" name="flightbooking" finished-at="2020-07-06T10:11:37 GMT" duration-ms="32295" status="PASS">
          <params>
            <param index="0">
              <value>
                <![CDATA[3]]>
              </value>
            </param>
            <param index="1">
              <value>
                <![CDATA[$1753 USD]]>
              </value>
            </param>
          </params>
          <reporter-output>
          </reporter-output>
        </test-method> <!-- flightbooking -->
        <test-method is-config="true" signature="tearDown()[pri:0, instance:com.demoaut.newtours.flightbooktest.FlightBookingTest@1d9b7cce]" started-at="2020-07-06T10:11:37 GMT" name="tearDown" finished-at="2020-07-06T10:11:37 GMT" duration-ms="77" status="PASS">
          <reporter-output>
          </reporter-output>
        </test-method> <!-- tearDown -->
      </class> <!-- com.demoaut.newtours.flightbooktest.FlightBookingTest -->
    </test> <!-- book-flight-3 -->
    <test started-at="2020-07-06T10:11:37 GMT" name="book-flight-4" finished-at="2020-07-06T10:12:09 GMT" duration-ms="32311">
      <class name="com.demoaut.newtours.flightbooktest.FlightBookingTest">
        <test-method is-config="true" signature="setUp(org.testng.ITestContext)[pri:0, instance:com.demoaut.newtours.flightbooktest.FlightBookingTest@62150f9e]" started-at="2020-07-06T10:11:37 GMT" name="setUp" finished-at="2020-07-06T10:11:38 GMT" duration-ms="652" status="PASS">
          <params>
            <param index="0">
              <value>
                <![CDATA[org.testng.TestRunner@1debc91c]]>
              </value>
            </param>
          </params>
          <reporter-output>
          </reporter-output>
        </test-method> <!-- setUp -->
        <test-method signature="flightbooking(java.lang.String, java.lang.String)[pri:0, instance:com.demoaut.newtours.flightbooktest.FlightBookingTest@62150f9e]" started-at="2020-07-06T10:11:38 GMT" name="flightbooking" finished-at="2020-07-06T10:12:09 GMT" duration-ms="31598" status="PASS">
          <params>
            <param index="0">
              <value>
                <![CDATA[4]]>
              </value>
            </param>
            <param index="1">
              <value>
                <![CDATA[$2338 USD]]>
              </value>
            </param>
          </params>
          <reporter-output>
          </reporter-output>
        </test-method> <!-- flightbooking -->
        <test-method is-config="true" signature="tearDown()[pri:0, instance:com.demoaut.newtours.flightbooktest.FlightBookingTest@62150f9e]" started-at="2020-07-06T10:12:09 GMT" name="tearDown" finished-at="2020-07-06T10:12:09 GMT" duration-ms="60" status="PASS">
          <reporter-output>
          </reporter-output>
        </test-method> <!-- tearDown -->
      </class> <!-- com.demoaut.newtours.flightbooktest.FlightBookingTest -->
    </test> <!-- book-flight-4 -->
  </suite> <!-- FlightBookingTest.xml -->
</testng-results>
