<?xml version="1.0" encoding="UTF-8"?>
<testng-results ignored="0" total="4" passed="4" failed="0" skipped="0">
  <reporter-output>
  </reporter-output>
  <suite started-at="2020-07-06T10:24:00 GMT" name="FlightBookingTest.xml" finished-at="2020-07-06T10:26:58 GMT" duration-ms="177781">
    <groups>
    </groups>
    <test started-at="2020-07-06T10:24:00 GMT" name="book-flight-1" finished-at="2020-07-06T10:25:06 GMT" duration-ms="65297">
      <class name="com.demoaut.newtours.flightbooktest.FlightBookingTest">
        <test-method is-config="true" signature="setUp(org.testng.ITestContext)[pri:0, instance:com.demoaut.newtours.flightbooktest.FlightBookingTest@c33b74f]" started-at="2020-07-06T10:24:00 GMT" name="setUp" finished-at="2020-07-06T10:24:19 GMT" duration-ms="18607" status="PASS">
          <params>
            <param index="0">
              <value>
                <![CDATA[org.testng.TestRunner@68dfda77]]>
              </value>
            </param>
          </params>
          <reporter-output>
          </reporter-output>
        </test-method> <!-- setUp -->
        <test-method signature="flightbooking(java.lang.String, java.lang.String)[pri:0, instance:com.demoaut.newtours.flightbooktest.FlightBookingTest@c33b74f]" started-at="2020-07-06T10:24:19 GMT" name="flightbooking" finished-at="2020-07-06T10:25:03 GMT" duration-ms="44185" status="PASS">
          <params>
            <param index="0">
              <value>
                <![CDATA[1]]>
              </value>
            </param>
            <param index="1">
              <value>
                <![CDATA[$584 USD]]>
              </value>
            </param>
          </params>
          <reporter-output>
          </reporter-output>
        </test-method> <!-- flightbooking -->
        <test-method is-config="true" signature="tearDown()[pri:0, instance:com.demoaut.newtours.flightbooktest.FlightBookingTest@c33b74f]" started-at="2020-07-06T10:25:03 GMT" name="tearDown" finished-at="2020-07-06T10:25:05 GMT" duration-ms="2152" status="PASS">
          <reporter-output>
          </reporter-output>
        </test-method> <!-- tearDown -->
      </class> <!-- com.demoaut.newtours.flightbooktest.FlightBookingTest -->
    </test> <!-- book-flight-1 -->
    <test started-at="2020-07-06T10:25:07 GMT" name="book-flight-2" finished-at="2020-07-06T10:25:47 GMT" duration-ms="39972">
      <class name="com.demoaut.newtours.flightbooktest.FlightBookingTest">
        <test-method is-config="true" signature="setUp(org.testng.ITestContext)[pri:0, instance:com.demoaut.newtours.flightbooktest.FlightBookingTest@123ef382]" started-at="2020-07-06T10:25:07 GMT" name="setUp" finished-at="2020-07-06T10:25:12 GMT" duration-ms="5418" status="PASS">
          <params>
            <param index="0">
              <value>
                <![CDATA[org.testng.TestRunner@50cdfafa]]>
              </value>
            </param>
          </params>
          <reporter-output>
          </reporter-output>
        </test-method> <!-- setUp -->
        <test-method signature="flightbooking(java.lang.String, java.lang.String)[pri:0, instance:com.demoaut.newtours.flightbooktest.FlightBookingTest@123ef382]" started-at="2020-07-06T10:25:12 GMT" name="flightbooking" finished-at="2020-07-06T10:25:46 GMT" duration-ms="33719" status="PASS">
          <params>
            <param index="0">
              <value>
                <![CDATA[2]]>
              </value>
            </param>
            <param index="1">
              <value>
                <![CDATA[$1169 USD]]>
              </value>
            </param>
          </params>
          <reporter-output>
          </reporter-output>
        </test-method> <!-- flightbooking -->
        <test-method is-config="true" signature="tearDown()[pri:0, instance:com.demoaut.newtours.flightbooktest.FlightBookingTest@123ef382]" started-at="2020-07-06T10:25:46 GMT" name="tearDown" finished-at="2020-07-06T10:25:47 GMT" duration-ms="807" status="PASS">
          <reporter-output>
          </reporter-output>
        </test-method> <!-- tearDown -->
      </class> <!-- com.demoaut.newtours.flightbooktest.FlightBookingTest -->
    </test> <!-- book-flight-2 -->
    <test started-at="2020-07-06T10:25:47 GMT" name="book-flight-3" finished-at="2020-07-06T10:26:23 GMT" duration-ms="36064">
      <class name="com.demoaut.newtours.flightbooktest.FlightBookingTest">
        <test-method is-config="true" signature="setUp(org.testng.ITestContext)[pri:0, instance:com.demoaut.newtours.flightbooktest.FlightBookingTest@1d9b7cce]" started-at="2020-07-06T10:25:47 GMT" name="setUp" finished-at="2020-07-06T10:25:49 GMT" duration-ms="2071" status="PASS">
          <params>
            <param index="0">
              <value>
                <![CDATA[org.testng.TestRunner@2e952845]]>
              </value>
            </param>
          </params>
          <reporter-output>
          </reporter-output>
        </test-method> <!-- setUp -->
        <test-method signature="flightbooking(java.lang.String, java.lang.String)[pri:0, instance:com.demoaut.newtours.flightbooktest.FlightBookingTest@1d9b7cce]" started-at="2020-07-06T10:25:49 GMT" name="flightbooking" finished-at="2020-07-06T10:26:22 GMT" duration-ms="33392" status="PASS">
          <params>
            <param index="0">
              <value>
                <![CDATA[3]]>
              </value>
            </param>
            <param index="1">
              <value>
                <![CDATA[$1753 USD]]>
              </value>
            </param>
          </params>
          <reporter-output>
          </reporter-output>
        </test-method> <!-- flightbooking -->
        <test-method is-config="true" signature="tearDown()[pri:0, instance:com.demoaut.newtours.flightbooktest.FlightBookingTest@1d9b7cce]" started-at="2020-07-06T10:26:22 GMT" name="tearDown" finished-at="2020-07-06T10:26:23 GMT" duration-ms="598" status="PASS">
          <reporter-output>
          </reporter-output>
        </test-method> <!-- tearDown -->
      </class> <!-- com.demoaut.newtours.flightbooktest.FlightBookingTest -->
    </test> <!-- book-flight-3 -->
    <test started-at="2020-07-06T10:26:23 GMT" name="book-flight-4" finished-at="2020-07-06T10:26:58 GMT" duration-ms="34844">
      <class name="com.demoaut.newtours.flightbooktest.FlightBookingTest">
        <test-method is-config="true" signature="setUp(org.testng.ITestContext)[pri:0, instance:com.demoaut.newtours.flightbooktest.FlightBookingTest@62150f9e]" started-at="2020-07-06T10:26:23 GMT" name="setUp" finished-at="2020-07-06T10:26:25 GMT" duration-ms="2254" status="PASS">
          <params>
            <param index="0">
              <value>
                <![CDATA[org.testng.TestRunner@79252c83]]>
              </value>
            </param>
          </params>
          <reporter-output>
          </reporter-output>
        </test-method> <!-- setUp -->
        <test-method signature="flightbooking(java.lang.String, java.lang.String)[pri:0, instance:com.demoaut.newtours.flightbooktest.FlightBookingTest@62150f9e]" started-at="2020-07-06T10:26:25 GMT" name="flightbooking" finished-at="2020-07-06T10:26:57 GMT" duration-ms="31970" status="PASS">
          <params>
            <param index="0">
              <value>
                <![CDATA[4]]>
              </value>
            </param>
            <param index="1">
              <value>
                <![CDATA[$2338 USD]]>
              </value>
            </param>
          </params>
          <reporter-output>
          </reporter-output>
        </test-method> <!-- flightbooking -->
        <test-method is-config="true" signature="tearDown()[pri:0, instance:com.demoaut.newtours.flightbooktest.FlightBookingTest@62150f9e]" started-at="2020-07-06T10:26:57 GMT" name="tearDown" finished-at="2020-07-06T10:26:58 GMT" duration-ms="614" status="PASS">
          <reporter-output>
          </reporter-output>
        </test-method> <!-- tearDown -->
      </class> <!-- com.demoaut.newtours.flightbooktest.FlightBookingTest -->
    </test> <!-- book-flight-4 -->
  </suite> <!-- FlightBookingTest.xml -->
</testng-results>
