<?xml version="1.0" encoding="UTF-8"?>
<testng-results ignored="0" total="4" passed="4" failed="0" skipped="0">
  <reporter-output>
  </reporter-output>
  <suite started-at="2020-07-06T10:24:00 GMT" name="SearchModuleTest" finished-at="2020-07-06T10:25:19 GMT" duration-ms="79267">
    <groups>
    </groups>
    <test started-at="2020-07-06T10:24:00 GMT" name="search-test-java" finished-at="2020-07-06T10:24:35 GMT" duration-ms="35036">
      <class name="com.goduckduck.searchtest.SearchTest">
        <test-method is-config="true" signature="setUp(org.testng.ITestContext)[pri:0, instance:com.goduckduck.searchtest.SearchTest@c33b74f]" started-at="2020-07-06T10:24:00 GMT" name="setUp" finished-at="2020-07-06T10:24:18 GMT" duration-ms="17972" status="PASS">
          <params>
            <param index="0">
              <value>
                <![CDATA[org.testng.TestRunner@6826c41e]]>
              </value>
            </param>
          </params>
          <reporter-output>
          </reporter-output>
        </test-method> <!-- setUp -->
        <test-method signature="searchingTest(java.lang.String)[pri:0, instance:com.goduckduck.searchtest.SearchTest@c33b74f]" started-at="2020-07-06T10:24:18 GMT" name="searchingTest" finished-at="2020-07-06T10:24:33 GMT" duration-ms="14893" status="PASS">
          <params>
            <param index="0">
              <value>
                <![CDATA[java]]>
              </value>
            </param>
          </params>
          <reporter-output>
          </reporter-output>
        </test-method> <!-- searchingTest -->
        <test-method is-config="true" signature="tearDown()[pri:0, instance:com.goduckduck.searchtest.SearchTest@c33b74f]" started-at="2020-07-06T10:24:33 GMT" name="tearDown" finished-at="2020-07-06T10:24:35 GMT" duration-ms="1889" status="PASS">
          <reporter-output>
          </reporter-output>
        </test-method> <!-- tearDown -->
      </class> <!-- com.goduckduck.searchtest.SearchTest -->
    </test> <!-- search-test-java -->
    <test started-at="2020-07-06T10:24:36 GMT" name="search-test-webdriver" finished-at="2020-07-06T10:24:53 GMT" duration-ms="17272">
      <class name="com.goduckduck.searchtest.SearchTest">
        <test-method is-config="true" signature="setUp(org.testng.ITestContext)[pri:0, instance:com.goduckduck.searchtest.SearchTest@123ef382]" started-at="2020-07-06T10:24:36 GMT" name="setUp" finished-at="2020-07-06T10:24:42 GMT" duration-ms="6104" status="PASS">
          <params>
            <param index="0">
              <value>
                <![CDATA[org.testng.TestRunner@3003697]]>
              </value>
            </param>
          </params>
          <reporter-output>
          </reporter-output>
        </test-method> <!-- setUp -->
        <test-method signature="searchingTest(java.lang.String)[pri:0, instance:com.goduckduck.searchtest.SearchTest@123ef382]" started-at="2020-07-06T10:24:42 GMT" name="searchingTest" finished-at="2020-07-06T10:24:52 GMT" duration-ms="9966" status="PASS">
          <params>
            <param index="0">
              <value>
                <![CDATA[webdriver]]>
              </value>
            </param>
          </params>
          <reporter-output>
          </reporter-output>
        </test-method> <!-- searchingTest -->
        <test-method is-config="true" signature="tearDown()[pri:0, instance:com.goduckduck.searchtest.SearchTest@123ef382]" started-at="2020-07-06T10:24:52 GMT" name="tearDown" finished-at="2020-07-06T10:24:53 GMT" duration-ms="1180" status="PASS">
          <reporter-output>
          </reporter-output>
        </test-method> <!-- tearDown -->
      </class> <!-- com.goduckduck.searchtest.SearchTest -->
    </test> <!-- search-test-webdriver -->
    <test started-at="2020-07-06T10:24:54 GMT" name="search-test-docker" finished-at="2020-07-06T10:25:08 GMT" duration-ms="14421">
      <class name="com.goduckduck.searchtest.SearchTest">
        <test-method is-config="true" signature="setUp(org.testng.ITestContext)[pri:0, instance:com.goduckduck.searchtest.SearchTest@1d9b7cce]" started-at="2020-07-06T10:24:54 GMT" name="setUp" finished-at="2020-07-06T10:24:59 GMT" duration-ms="5224" status="PASS">
          <params>
            <param index="0">
              <value>
                <![CDATA[org.testng.TestRunner@64d43929]]>
              </value>
            </param>
          </params>
          <reporter-output>
          </reporter-output>
        </test-method> <!-- setUp -->
        <test-method signature="searchingTest(java.lang.String)[pri:0, instance:com.goduckduck.searchtest.SearchTest@1d9b7cce]" started-at="2020-07-06T10:24:59 GMT" name="searchingTest" finished-at="2020-07-06T10:25:07 GMT" duration-ms="8016" status="PASS">
          <params>
            <param index="0">
              <value>
                <![CDATA[docker]]>
              </value>
            </param>
          </params>
          <reporter-output>
          </reporter-output>
        </test-method> <!-- searchingTest -->
        <test-method is-config="true" signature="tearDown()[pri:0, instance:com.goduckduck.searchtest.SearchTest@1d9b7cce]" started-at="2020-07-06T10:25:07 GMT" name="tearDown" finished-at="2020-07-06T10:25:08 GMT" duration-ms="1176" status="PASS">
          <reporter-output>
          </reporter-output>
        </test-method> <!-- tearDown -->
      </class> <!-- com.goduckduck.searchtest.SearchTest -->
    </test> <!-- search-test-docker -->
    <test started-at="2020-07-06T10:25:08 GMT" name="search-test-kubernetes" finished-at="2020-07-06T10:25:19 GMT" duration-ms="11366">
      <class name="com.goduckduck.searchtest.SearchTest">
        <test-method is-config="true" signature="setUp(org.testng.ITestContext)[pri:0, instance:com.goduckduck.searchtest.SearchTest@62150f9e]" started-at="2020-07-06T10:25:08 GMT" name="setUp" finished-at="2020-07-06T10:25:12 GMT" duration-ms="3849" status="PASS">
          <params>
            <param index="0">
              <value>
                <![CDATA[org.testng.TestRunner@1d269ed7]]>
              </value>
            </param>
          </params>
          <reporter-output>
          </reporter-output>
        </test-method> <!-- setUp -->
        <test-method signature="searchingTest(java.lang.String)[pri:0, instance:com.goduckduck.searchtest.SearchTest@62150f9e]" started-at="2020-07-06T10:25:12 GMT" name="searchingTest" finished-at="2020-07-06T10:25:18 GMT" duration-ms="6405" status="PASS">
          <params>
            <param index="0">
              <value>
                <![CDATA[kubernetes]]>
              </value>
            </param>
          </params>
          <reporter-output>
          </reporter-output>
        </test-method> <!-- searchingTest -->
        <test-method is-config="true" signature="tearDown()[pri:0, instance:com.goduckduck.searchtest.SearchTest@62150f9e]" started-at="2020-07-06T10:25:18 GMT" name="tearDown" finished-at="2020-07-06T10:25:19 GMT" duration-ms="1107" status="PASS">
          <reporter-output>
          </reporter-output>
        </test-method> <!-- tearDown -->
      </class> <!-- com.goduckduck.searchtest.SearchTest -->
    </test> <!-- search-test-kubernetes -->
  </suite> <!-- SearchModuleTest -->
</testng-results>
