<?xml version="1.0" encoding="UTF-8"?>
<testng-results ignored="0" total="4" passed="4" failed="0" skipped="0">
  <reporter-output>
  </reporter-output>
  <suite started-at="2020-07-06T10:24:00 GMT" name="FlightBookingTest.xml" finished-at="2020-07-06T10:26:40 GMT" duration-ms="160224">
    <groups>
    </groups>
    <test started-at="2020-07-06T10:24:00 GMT" name="book-flight-1" finished-at="2020-07-06T10:24:56 GMT" duration-ms="55802">
      <class name="com.demoaut.newtours.flightbooktest.FlightBookingTest">
        <test-method is-config="true" signature="setUp(org.testng.ITestContext)[pri:0, instance:com.demoaut.newtours.flightbooktest.FlightBookingTest@130161f7]" started-at="2020-07-06T10:24:00 GMT" name="setUp" finished-at="2020-07-06T10:24:10 GMT" duration-ms="9646" status="PASS">
          <params>
            <param index="0">
              <value>
                <![CDATA[org.testng.TestRunner@3db972d2]]>
              </value>
            </param>
          </params>
          <reporter-output>
          </reporter-output>
        </test-method> <!-- setUp -->
        <test-method signature="flightbooking(java.lang.String, java.lang.String)[pri:0, instance:com.demoaut.newtours.flightbooktest.FlightBookingTest@130161f7]" started-at="2020-07-06T10:24:10 GMT" name="flightbooking" finished-at="2020-07-06T10:24:56 GMT" duration-ms="45641" status="PASS">
          <params>
            <param index="0">
              <value>
                <![CDATA[1]]>
              </value>
            </param>
            <param index="1">
              <value>
                <![CDATA[$584 USD]]>
              </value>
            </param>
          </params>
          <reporter-output>
          </reporter-output>
        </test-method> <!-- flightbooking -->
        <test-method is-config="true" signature="tearDown()[pri:0, instance:com.demoaut.newtours.flightbooktest.FlightBookingTest@130161f7]" started-at="2020-07-06T10:24:56 GMT" name="tearDown" finished-at="2020-07-06T10:24:56 GMT" duration-ms="119" status="PASS">
          <reporter-output>
          </reporter-output>
        </test-method> <!-- tearDown -->
      </class> <!-- com.demoaut.newtours.flightbooktest.FlightBookingTest -->
    </test> <!-- book-flight-1 -->
    <test started-at="2020-07-06T10:24:57 GMT" name="book-flight-2" finished-at="2020-07-06T10:25:35 GMT" duration-ms="38616">
      <class name="com.demoaut.newtours.flightbooktest.FlightBookingTest">
        <test-method is-config="true" signature="setUp(org.testng.ITestContext)[pri:0, instance:com.demoaut.newtours.flightbooktest.FlightBookingTest@dbf57b3]" started-at="2020-07-06T10:24:57 GMT" name="setUp" finished-at="2020-07-06T10:25:00 GMT" duration-ms="3033" status="PASS">
          <params>
            <param index="0">
              <value>
                <![CDATA[org.testng.TestRunner@1debc91c]]>
              </value>
            </param>
          </params>
          <reporter-output>
          </reporter-output>
        </test-method> <!-- setUp -->
        <test-method signature="flightbooking(java.lang.String, java.lang.String)[pri:0, instance:com.demoaut.newtours.flightbooktest.FlightBookingTest@dbf57b3]" started-at="2020-07-06T10:25:00 GMT" name="flightbooking" finished-at="2020-07-06T10:25:35 GMT" duration-ms="35500" status="PASS">
          <params>
            <param index="0">
              <value>
                <![CDATA[2]]>
              </value>
            </param>
            <param index="1">
              <value>
                <![CDATA[$1169 USD]]>
              </value>
            </param>
          </params>
          <reporter-output>
          </reporter-output>
        </test-method> <!-- flightbooking -->
        <test-method is-config="true" signature="tearDown()[pri:0, instance:com.demoaut.newtours.flightbooktest.FlightBookingTest@dbf57b3]" started-at="2020-07-06T10:25:35 GMT" name="tearDown" finished-at="2020-07-06T10:25:35 GMT" duration-ms="63" status="PASS">
          <reporter-output>
          </reporter-output>
        </test-method> <!-- tearDown -->
      </class> <!-- com.demoaut.newtours.flightbooktest.FlightBookingTest -->
    </test> <!-- book-flight-2 -->
    <test started-at="2020-07-06T10:25:36 GMT" name="book-flight-3" finished-at="2020-07-06T10:26:08 GMT" duration-ms="32247">
      <class name="com.demoaut.newtours.flightbooktest.FlightBookingTest">
        <test-method is-config="true" signature="setUp(org.testng.ITestContext)[pri:0, instance:com.demoaut.newtours.flightbooktest.FlightBookingTest@4d9e68d0]" started-at="2020-07-06T10:25:36 GMT" name="setUp" finished-at="2020-07-06T10:25:37 GMT" duration-ms="1471" status="PASS">
          <params>
            <param index="0">
              <value>
                <![CDATA[org.testng.TestRunner@687e4c93]]>
              </value>
            </param>
          </params>
          <reporter-output>
          </reporter-output>
        </test-method> <!-- setUp -->
        <test-method signature="flightbooking(java.lang.String, java.lang.String)[pri:0, instance:com.demoaut.newtours.flightbooktest.FlightBookingTest@4d9e68d0]" started-at="2020-07-06T10:25:37 GMT" name="flightbooking" finished-at="2020-07-06T10:26:08 GMT" duration-ms="30709" status="PASS">
          <params>
            <param index="0">
              <value>
                <![CDATA[3]]>
              </value>
            </param>
            <param index="1">
              <value>
                <![CDATA[$1753 USD]]>
              </value>
            </param>
          </params>
          <reporter-output>
          </reporter-output>
        </test-method> <!-- flightbooking -->
        <test-method is-config="true" signature="tearDown()[pri:0, instance:com.demoaut.newtours.flightbooktest.FlightBookingTest@4d9e68d0]" started-at="2020-07-06T10:26:08 GMT" name="tearDown" finished-at="2020-07-06T10:26:08 GMT" duration-ms="65" status="PASS">
          <reporter-output>
          </reporter-output>
        </test-method> <!-- tearDown -->
      </class> <!-- com.demoaut.newtours.flightbooktest.FlightBookingTest -->
    </test> <!-- book-flight-3 -->
    <test started-at="2020-07-06T10:26:08 GMT" name="book-flight-4" finished-at="2020-07-06T10:26:40 GMT" duration-ms="32550">
      <class name="com.demoaut.newtours.flightbooktest.FlightBookingTest">
        <test-method is-config="true" signature="setUp(org.testng.ITestContext)[pri:0, instance:com.demoaut.newtours.flightbooktest.FlightBookingTest@1a451d4d]" started-at="2020-07-06T10:26:08 GMT" name="setUp" finished-at="2020-07-06T10:26:09 GMT" duration-ms="1010" status="PASS">
          <params>
            <param index="0">
              <value>
                <![CDATA[org.testng.TestRunner@181e72d3]]>
              </value>
            </param>
          </params>
          <reporter-output>
          </reporter-output>
        </test-method> <!-- setUp -->
        <test-method signature="flightbooking(java.lang.String, java.lang.String)[pri:0, instance:com.demoaut.newtours.flightbooktest.FlightBookingTest@1a451d4d]" started-at="2020-07-06T10:26:09 GMT" name="flightbooking" finished-at="2020-07-06T10:26:40 GMT" duration-ms="31474" status="PASS">
          <params>
            <param index="0">
              <value>
                <![CDATA[4]]>
              </value>
            </param>
            <param index="1">
              <value>
                <![CDATA[$2338 USD]]>
              </value>
            </param>
          </params>
          <reporter-output>
          </reporter-output>
        </test-method> <!-- flightbooking -->
        <test-method is-config="true" signature="tearDown()[pri:0, instance:com.demoaut.newtours.flightbooktest.FlightBookingTest@1a451d4d]" started-at="2020-07-06T10:26:40 GMT" name="tearDown" finished-at="2020-07-06T10:26:40 GMT" duration-ms="57" status="PASS">
          <reporter-output>
          </reporter-output>
        </test-method> <!-- tearDown -->
      </class> <!-- com.demoaut.newtours.flightbooktest.FlightBookingTest -->
    </test> <!-- book-flight-4 -->
  </suite> <!-- FlightBookingTest.xml -->
</testng-results>
