<?xml version="1.0" encoding="UTF-8"?>
<testng-results ignored="0" total="4" passed="4" failed="0" skipped="0">
  <reporter-output>
  </reporter-output>
  <suite started-at="2020-06-29T17:29:30 GMT" name="SearchModuleTest" finished-at="2020-06-29T17:30:38 GMT" duration-ms="68722">
    <groups>
    </groups>
    <test started-at="2020-06-29T17:29:30 GMT" name="search-test-java" finished-at="2020-06-29T17:29:42 GMT" duration-ms="12119">
      <class name="com.goduckduck.searchtest.SearchTest">
        <test-method is-config="true" signature="setUp(org.testng.ITestContext)[pri:0, instance:com.goduckduck.searchtest.SearchTest@c33b74f]" started-at="2020-06-29T17:29:30 GMT" name="setUp" finished-at="2020-06-29T17:29:32 GMT" duration-ms="2325" status="PASS">
          <params>
            <param index="0">
              <value>
                <![CDATA[org.testng.TestRunner@1d269ed7]]>
              </value>
            </param>
          </params>
          <reporter-output>
          </reporter-output>
        </test-method> <!-- setUp -->
        <test-method signature="searchingTest(java.lang.String)[pri:0, instance:com.goduckduck.searchtest.SearchTest@c33b74f]" started-at="2020-06-29T17:29:32 GMT" name="searchingTest" finished-at="2020-06-29T17:29:42 GMT" duration-ms="9546" status="PASS">
          <params>
            <param index="0">
              <value>
                <![CDATA[java]]>
              </value>
            </param>
          </params>
          <reporter-output>
          </reporter-output>
        </test-method> <!-- searchingTest -->
        <test-method is-config="true" signature="tearDown()[pri:0, instance:com.goduckduck.searchtest.SearchTest@c33b74f]" started-at="2020-06-29T17:29:42 GMT" name="tearDown" finished-at="2020-06-29T17:29:42 GMT" duration-ms="144" status="PASS">
          <reporter-output>
          </reporter-output>
        </test-method> <!-- tearDown -->
      </class> <!-- com.goduckduck.searchtest.SearchTest -->
    </test> <!-- search-test-java -->
    <test started-at="2020-06-29T17:29:42 GMT" name="search-test-webdriver" finished-at="2020-06-29T17:30:02 GMT" duration-ms="19424">
      <class name="com.goduckduck.searchtest.SearchTest">
        <test-method is-config="true" signature="setUp(org.testng.ITestContext)[pri:0, instance:com.goduckduck.searchtest.SearchTest@123ef382]" started-at="2020-06-29T17:29:42 GMT" name="setUp" finished-at="2020-06-29T17:29:44 GMT" duration-ms="1797" status="PASS">
          <params>
            <param index="0">
              <value>
                <![CDATA[org.testng.TestRunner@437ebf59]]>
              </value>
            </param>
          </params>
          <reporter-output>
          </reporter-output>
        </test-method> <!-- setUp -->
        <test-method signature="searchingTest(java.lang.String)[pri:0, instance:com.goduckduck.searchtest.SearchTest@123ef382]" started-at="2020-06-29T17:29:44 GMT" name="searchingTest" finished-at="2020-06-29T17:30:02 GMT" duration-ms="17479" status="PASS">
          <params>
            <param index="0">
              <value>
                <![CDATA[webdriver]]>
              </value>
            </param>
          </params>
          <reporter-output>
          </reporter-output>
        </test-method> <!-- searchingTest -->
        <test-method is-config="true" signature="tearDown()[pri:0, instance:com.goduckduck.searchtest.SearchTest@123ef382]" started-at="2020-06-29T17:30:02 GMT" name="tearDown" finished-at="2020-06-29T17:30:02 GMT" duration-ms="138" status="PASS">
          <reporter-output>
          </reporter-output>
        </test-method> <!-- tearDown -->
      </class> <!-- com.goduckduck.searchtest.SearchTest -->
    </test> <!-- search-test-webdriver -->
    <test started-at="2020-06-29T17:30:02 GMT" name="search-test-docker" finished-at="2020-06-29T17:30:27 GMT" duration-ms="24780">
      <class name="com.goduckduck.searchtest.SearchTest">
        <test-method is-config="true" signature="setUp(org.testng.ITestContext)[pri:0, instance:com.goduckduck.searchtest.SearchTest@1d9b7cce]" started-at="2020-06-29T17:30:02 GMT" name="setUp" finished-at="2020-06-29T17:30:15 GMT" duration-ms="13354" status="PASS">
          <params>
            <param index="0">
              <value>
                <![CDATA[org.testng.TestRunner@41c89d2f]]>
              </value>
            </param>
          </params>
          <reporter-output>
          </reporter-output>
        </test-method> <!-- setUp -->
        <test-method signature="searchingTest(java.lang.String)[pri:0, instance:com.goduckduck.searchtest.SearchTest@1d9b7cce]" started-at="2020-06-29T17:30:15 GMT" name="searchingTest" finished-at="2020-06-29T17:30:27 GMT" duration-ms="11303" status="PASS">
          <params>
            <param index="0">
              <value>
                <![CDATA[docker]]>
              </value>
            </param>
          </params>
          <reporter-output>
          </reporter-output>
        </test-method> <!-- searchingTest -->
        <test-method is-config="true" signature="tearDown()[pri:0, instance:com.goduckduck.searchtest.SearchTest@1d9b7cce]" started-at="2020-06-29T17:30:27 GMT" name="tearDown" finished-at="2020-06-29T17:30:27 GMT" duration-ms="120" status="PASS">
          <reporter-output>
          </reporter-output>
        </test-method> <!-- tearDown -->
      </class> <!-- com.goduckduck.searchtest.SearchTest -->
    </test> <!-- search-test-docker -->
    <test started-at="2020-06-29T17:30:27 GMT" name="search-test-kubernetes" finished-at="2020-06-29T17:30:38 GMT" duration-ms="11509">
      <class name="com.goduckduck.searchtest.SearchTest">
        <test-method is-config="true" signature="setUp(org.testng.ITestContext)[pri:0, instance:com.goduckduck.searchtest.SearchTest@62150f9e]" started-at="2020-06-29T17:30:27 GMT" name="setUp" finished-at="2020-06-29T17:30:29 GMT" duration-ms="2318" status="PASS">
          <params>
            <param index="0">
              <value>
                <![CDATA[org.testng.TestRunner@410e94e]]>
              </value>
            </param>
          </params>
          <reporter-output>
          </reporter-output>
        </test-method> <!-- setUp -->
        <test-method signature="searchingTest(java.lang.String)[pri:0, instance:com.goduckduck.searchtest.SearchTest@62150f9e]" started-at="2020-06-29T17:30:29 GMT" name="searchingTest" finished-at="2020-06-29T17:30:38 GMT" duration-ms="9119" status="PASS">
          <params>
            <param index="0">
              <value>
                <![CDATA[kubernetes]]>
              </value>
            </param>
          </params>
          <reporter-output>
          </reporter-output>
        </test-method> <!-- searchingTest -->
        <test-method is-config="true" signature="tearDown()[pri:0, instance:com.goduckduck.searchtest.SearchTest@62150f9e]" started-at="2020-06-29T17:30:38 GMT" name="tearDown" finished-at="2020-06-29T17:30:38 GMT" duration-ms="68" status="PASS">
          <reporter-output>
          </reporter-output>
        </test-method> <!-- tearDown -->
      </class> <!-- com.goduckduck.searchtest.SearchTest -->
    </test> <!-- search-test-kubernetes -->
  </suite> <!-- SearchModuleTest -->
</testng-results>
